1|1|Refactor Code|Refactor methods in code.
1|2|Comment Code|Comment remarks in code.
3|3|Document Code|Document summaries for classes and methods.
1|2|Error-Handling|Add more error-handling (try-catch).
2|3|Code Testing|Add code unit testing to methods.
2|4|Command File|Create new file in dir of help command strings.
2|3|Show Directory|Add option to show directory of files.
2|3|File SaveLoad|Add option to save or load to specific file.
3|1|Command Input|Improve command input with use of "".
2|3|Do-While Loop|Rework do-while loop into switch cases.
2|2|ListSorter|Add ListSorter method.
2|2|FindTaskIndex|Add FindTaskIndex method.
2|3|Public Filename|Make a public filename attribute.
2|3|Read List|Rework method 'ReadListFromFile' to read specific file.
2|3|Save List|Rework method 'SaveListToFile' to save specific file.
2|2|Error SaveList|Add error check to 'SaveListToFile' method.
2|4|Bool Verbose|Change variable name.
2|3|Variable Change|Change string args on some methods to int args.
2|3|MyIO Methods|Rework MyIO methods with better search algorithms.
3|1|ReadCommand|Rework 'ReadCommand' method to not split words in "".
3|1|Error ReadCommand|Add an error-check to ReadCommand-method.
2|2|Max Characters|Rework AddNewTask-method to restrict max characters used.
